2025-04-19 23:51:07,266 INFO o.a.j.u.JMeterUtils: Setting Locale to en_EN
2025-04-19 23:51:07,322 INFO o.a.j.JMeter: Loading user properties from: C:\Tools\apache-jmeter-5.6.3\bin\user.properties
2025-04-19 23:51:07,323 INFO o.a.j.JMeter: Loading system properties from: C:\Tools\apache-jmeter-5.6.3\bin\system.properties
2025-04-19 23:51:07,334 INFO o.a.j.JMeter: Copyright (c) 1998-2024 The Apache Software Foundation
2025-04-19 23:51:07,334 INFO o.a.j.JMeter: Version 5.6.3
2025-04-19 23:51:07,334 INFO o.a.j.JMeter: java.version=17.0.12
2025-04-19 23:51:07,334 INFO o.a.j.JMeter: java.vm.name=Java HotSpot(TM) 64-Bit Server VM
2025-04-19 23:51:07,335 INFO o.a.j.JMeter: os.name=Windows 11
2025-04-19 23:51:07,335 INFO o.a.j.JMeter: os.arch=amd64
2025-04-19 23:51:07,335 INFO o.a.j.JMeter: os.version=10.0
2025-04-19 23:51:07,335 INFO o.a.j.JMeter: file.encoding=Cp1252
2025-04-19 23:51:07,335 INFO o.a.j.JMeter: java.awt.headless=true
2025-04-19 23:51:07,335 INFO o.a.j.JMeter: Max memory     =1073741824
2025-04-19 23:51:07,335 INFO o.a.j.JMeter: Available Processors =16
2025-04-19 23:51:07,347 INFO o.a.j.JMeter: Default Locale=English (EN)
2025-04-19 23:51:07,348 INFO o.a.j.JMeter: JMeter  Locale=English (EN)
2025-04-19 23:51:07,348 INFO o.a.j.JMeter: JMeterHome=C:\Tools\apache-jmeter-5.6.3
2025-04-19 23:51:07,348 INFO o.a.j.JMeter: user.dir  =C:\Users\amirdi\OneDrive - Metropolia Ammattikorkeakoulu Oy\Documents\Spring2025\SEP2\Week6_Testing\untitled
2025-04-19 23:51:07,349 INFO o.a.j.JMeter: PWD       =C:\Users\amirdi\OneDrive - Metropolia Ammattikorkeakoulu Oy\Documents\Spring2025\SEP2\Week6_Testing\untitled
2025-04-19 23:51:12,324 INFO o.a.j.JMeter: IP: 192.168.56.1 Name: KM-AMIRDI-840 FullName: KM-AMIRDI-840.staff.wks.metropolia.fi
2025-04-19 23:51:12,345 INFO o.a.j.s.FileServer: Default base='C:\Users\amirdi\OneDrive - Metropolia Ammattikorkeakoulu Oy\Documents\Spring2025\SEP2\Week6_Testing\untitled'
2025-04-19 23:51:12,347 INFO o.a.j.s.FileServer: Set new base='C:\Users\amirdi\OneDrive - Metropolia Ammattikorkeakoulu Oy\Documents\Spring2025\SEP2\Week6_Testing\untitled\tests\performance'
2025-04-19 23:51:12,752 INFO o.a.j.s.SaveService: Testplan (JMX) version: 2.2. Testlog (JTL) version: 2.2
2025-04-19 23:51:12,804 INFO o.a.j.s.SaveService: Using SaveService properties version 5.0
2025-04-19 23:51:12,811 INFO o.a.j.s.SaveService: Using SaveService properties file encoding UTF-8
2025-04-19 23:51:12,819 INFO o.a.j.s.SaveService: Loading file: C:\Users\amirdi\OneDrive - Metropolia Ammattikorkeakoulu Oy\Documents\Spring2025\SEP2\Week6_Testing\untitled\tests\performance\demo.jmx
2025-04-19 23:51:12,952 INFO o.a.j.p.h.s.HTTPSamplerBase: Parser for text/html is org.apache.jmeter.protocol.http.parser.LagartoBasedHtmlParser
2025-04-19 23:51:12,954 INFO o.a.j.p.h.s.HTTPSamplerBase: Parser for application/xhtml+xml is org.apache.jmeter.protocol.http.parser.LagartoBasedHtmlParser
2025-04-19 23:51:12,954 INFO o.a.j.p.h.s.HTTPSamplerBase: Parser for application/xml is org.apache.jmeter.protocol.http.parser.LagartoBasedHtmlParser
2025-04-19 23:51:12,954 INFO o.a.j.p.h.s.HTTPSamplerBase: Parser for text/xml is org.apache.jmeter.protocol.http.parser.LagartoBasedHtmlParser
2025-04-19 23:51:12,954 INFO o.a.j.p.h.s.HTTPSamplerBase: Parser for text/vnd.wap.wml is org.apache.jmeter.protocol.http.parser.RegexpHTMLParser
2025-04-19 23:51:12,954 INFO o.a.j.p.h.s.HTTPSamplerBase: Parser for text/css is org.apache.jmeter.protocol.http.parser.CssParser
2025-04-19 23:51:12,972 INFO o.a.j.JMeter: Creating summariser <summary>
2025-04-19 23:51:13,019 INFO o.a.j.e.StandardJMeterEngine: Running the test!
2025-04-19 23:51:13,020 INFO o.a.j.s.SampleEvent: List of sample_variables: []
2025-04-19 23:51:13,021 INFO o.a.j.s.SampleEvent: List of sample_variables: []
2025-04-19 23:51:13,032 INFO o.a.j.e.u.CompoundVariable: Note: Function class names must contain the string: '.functions.'
2025-04-19 23:51:13,032 INFO o.a.j.e.u.CompoundVariable: Note: Function class names must not contain the string: '.gui.'
2025-04-19 23:51:13,215 INFO o.a.j.JMeter: Running test (1745095873215)
2025-04-19 23:51:13,237 INFO o.a.j.e.StandardJMeterEngine: Starting ThreadGroup: 1 : Simple Thread Group
2025-04-19 23:51:13,237 INFO o.a.j.e.StandardJMeterEngine: Starting 1 threads for group Simple Thread Group.
2025-04-19 23:51:13,237 INFO o.a.j.e.StandardJMeterEngine: Thread will continue on error
2025-04-19 23:51:13,238 INFO o.a.j.t.ThreadGroup: Starting thread group... number=1 threads=1 ramp-up=1 delayedStart=false
2025-04-19 23:51:13,245 INFO o.a.j.t.ThreadGroup: Started thread group number 1
2025-04-19 23:51:13,245 INFO o.a.j.e.StandardJMeterEngine: All thread groups have been started
2025-04-19 23:51:13,249 INFO o.a.j.t.JMeterThread: Thread started: Simple Thread Group 1-1
2025-04-19 23:51:13,283 INFO o.a.j.p.h.s.HTTPHCAbstractImpl: Local host = KM-AMIRDI-840
2025-04-19 23:51:13,292 INFO o.a.j.p.h.s.HTTPHC4Impl: HTTP request retry count = 0
2025-04-19 23:51:13,294 INFO o.a.j.s.SampleResult: Note: Sample TimeStamps are START times
2025-04-19 23:51:13,294 INFO o.a.j.s.SampleResult: sampleresult.default.encoding is set to UTF-8
2025-04-19 23:51:13,294 INFO o.a.j.s.SampleResult: sampleresult.useNanoTime=true
2025-04-19 23:51:13,294 INFO o.a.j.s.SampleResult: sampleresult.nanoThreadSleep=5000
2025-04-19 23:51:13,505 INFO o.a.j.p.h.s.h.LazyLayeredConnectionSocketFactory: Setting up HTTPS TrustAll Socket Factory
2025-04-19 23:51:13,520 INFO o.a.j.u.JsseSSLManager: Using default SSL protocol: TLS
2025-04-19 23:51:13,520 INFO o.a.j.u.JsseSSLManager: SSL session context: per-thread
2025-04-19 23:51:13,774 INFO o.a.j.u.SSLManager: JmeterKeyStore Location:  type JKS
2025-04-19 23:51:13,780 INFO o.a.j.u.SSLManager: KeyStore created OK
2025-04-19 23:51:13,781 WARN o.a.j.u.SSLManager: Keystore file not found, loading empty keystore
2025-04-19 23:51:14,585 INFO o.a.j.t.JMeterThread: Thread is done: Simple Thread Group 1-1
2025-04-19 23:51:14,585 INFO o.a.j.t.JMeterThread: Thread finished: Simple Thread Group 1-1
2025-04-19 23:51:14,586 INFO o.a.j.e.StandardJMeterEngine: Notifying test listeners of end of test
2025-04-19 23:51:14,590 INFO o.a.j.r.Summariser: summary =      1 in 00:00:01 =    0,7/s Avg:  1156 Min:  1156 Max:  1156 Err:     0 (0,00%)
